{
  "RSpec": {
    "coverage": {
      "/home/wawel/Documents/smart_pension/ruby_app/spec/analyzer_spec.rb": [
        null,
        null,
        1,
        null,
        1,
        5,
        3,
        null,
        1,
        2,
        null,
        1,
        2,
        null,
        1,
        1,
        null,
        null,
        null,
        1,
        1,
        1,
        null,
        null,
        null,
        null,
        1,
        2,
        null,
        1,
        2,
        null,
        1,
        1,
        null,
        null,
        null,
        1,
        1,
        1,
        null,
        null,
        null,
        null
      ],
      "/home/wawel/Documents/smart_pension/ruby_app/lib/analyzer.rb": [
        null,
        null,
        1,
        null,
        1,
        1,
        4,
        null,
        null,
        1,
        2,
        null,
        1,
        null,
        12,
        4,
        null,
        null,
        1,
        2,
        null,
        1,
        null,
        9,
        4,
        null,
        null,
        1,
        null,
        1,
        4,
        null,
        null
      ],
      "/home/wawel/Documents/smart_pension/ruby_app/lib/parser.rb": [
        null,
        null,
        1,
        1,
        7,
        null,
        6,
        50,
        6,
        null,
        null,
        1,
        null,
        1,
        7,
        null,
        null
      ],
      "/home/wawel/Documents/smart_pension/ruby_app/spec/parser_spec.rb": [
        null,
        null,
        1,
        null,
        1,
        4,
        null,
        3,
        null,
        1,
        1,
        1,
        null,
        null,
        null,
        null,
        null,
        null,
        null,
        null,
        null,
        null,
        null,
        1,
        2,
        null,
        1,
        2,
        null,
        null,
        null,
        1,
        1,
        1,
        null,
        null,
        1,
        1,
        null,
        null,
        null,
        null
      ]
    },
    "timestamp": 1570795649
  }
}
